<?xml version="1.0" encoding="UTF-8"?>
<testsuite xmlns:xsi="http://www.w3.org/2001/XMLSchema-instance" xsi:noNamespaceSchemaLocation="https://maven.apache.org/surefire/maven-surefire-plugin/xsd/surefire-test-report.xsd" name="siat.cluster.AppTest" time="0.053" tests="1" errors="0" skipped="0" failures="0">
  <properties>
    <property name="sun.desktop" value="windows"/>
    <property name="awt.toolkit" value="sun.awt.windows.WToolkit"/>
    <property name="file.encoding.pkg" value="sun.io"/>
    <property name="java.specification.version" value="1.8"/>
    <property name="sun.cpu.isalist" value="amd64"/>
    <property name="sun.jnu.encoding" value="Cp1252"/>
    <property name="java.class.path" value="C:\Users\Anwar Abir\Documents\My_project_kepler\Cluster\target\test-classes;C:\Users\Anwar Abir\Documents\My_project_kepler\Cluster\target\classes;C:\Users\Anwar Abir\.m2\repository\junit\junit\4.11\junit-4.11.jar;C:\Users\Anwar Abir\.m2\repository\org\hamcrest\hamcrest-core\1.3\hamcrest-core-1.3.jar;C:\Users\Anwar Abir\.m2\repository\org\apache\spark\spark-core_2.11\1.6.2\spark-core_2.11-1.6.2.jar;C:\Users\Anwar Abir\.m2\repository\org\apache\avro\avro-mapred\1.7.7\avro-mapred-1.7.7-hadoop2.jar;C:\Users\Anwar Abir\.m2\repository\org\apache\avro\avro-ipc\1.7.7\avro-ipc-1.7.7.jar;C:\Users\Anwar Abir\.m2\repository\org\apache\avro\avro\1.7.7\avro-1.7.7.jar;C:\Users\Anwar Abir\.m2\repository\org\apache\avro\avro-ipc\1.7.7\avro-ipc-1.7.7-tests.jar;C:\Users\Anwar Abir\.m2\repository\org\codehaus\jackson\jackson-core-asl\1.9.13\jackson-core-asl-1.9.13.jar;C:\Users\Anwar Abir\.m2\repository\org\codehaus\jackson\jackson-mapper-asl\1.9.13\jackson-mapper-asl-1.9.13.jar;C:\Users\Anwar Abir\.m2\repository\com\twitter\chill_2.11\0.5.0\chill_2.11-0.5.0.jar;C:\Users\Anwar Abir\.m2\repository\com\esotericsoftware\kryo\kryo\2.21\kryo-2.21.jar;C:\Users\Anwar Abir\.m2\repository\com\esotericsoftware\reflectasm\reflectasm\1.07\reflectasm-1.07-shaded.jar;C:\Users\Anwar Abir\.m2\repository\com\esotericsoftware\minlog\minlog\1.2\minlog-1.2.jar;C:\Users\Anwar Abir\.m2\repository\org\objenesis\objenesis\1.2\objenesis-1.2.jar;C:\Users\Anwar Abir\.m2\repository\com\twitter\chill-java\0.5.0\chill-java-0.5.0.jar;C:\Users\Anwar Abir\.m2\repository\org\apache\xbean\xbean-asm5-shaded\4.4\xbean-asm5-shaded-4.4.jar;C:\Users\Anwar Abir\.m2\repository\org\apache\hadoop\hadoop-client\2.2.0\hadoop-client-2.2.0.jar;C:\Users\Anwar Abir\.m2\repository\org\apache\hadoop\hadoop-common\2.2.0\hadoop-common-2.2.0.jar;C:\Users\Anwar Abir\.m2\repository\commons-cli\commons-cli\1.2\commons-cli-1.2.jar;C:\Users\Anwar Abir\.m2\repository\org\apache\commons\commons-math\2.1\commons-math-2.1.jar;C:\Users\Anwar Abir\.m2\repository\xmlenc\xmlenc\0.52\xmlenc-0.52.jar;C:\Users\Anwar Abir\.m2\repository\commons-configuration\commons-configuration\1.6\commons-configuration-1.6.jar;C:\Users\Anwar Abir\.m2\repository\commons-collections\commons-collections\3.2.1\commons-collections-3.2.1.jar;C:\Users\Anwar Abir\.m2\repository\commons-digester\commons-digester\1.8\commons-digester-1.8.jar;C:\Users\Anwar Abir\.m2\repository\commons-beanutils\commons-beanutils\1.7.0\commons-beanutils-1.7.0.jar;C:\Users\Anwar Abir\.m2\repository\commons-beanutils\commons-beanutils-core\1.8.0\commons-beanutils-core-1.8.0.jar;C:\Users\Anwar Abir\.m2\repository\org\apache\hadoop\hadoop-auth\2.2.0\hadoop-auth-2.2.0.jar;C:\Users\Anwar Abir\.m2\repository\org\apache\commons\commons-compress\1.4.1\commons-compress-1.4.1.jar;C:\Users\Anwar Abir\.m2\repository\org\tukaani\xz\1.0\xz-1.0.jar;C:\Users\Anwar Abir\.m2\repository\org\apache\hadoop\hadoop-hdfs\2.2.0\hadoop-hdfs-2.2.0.jar;C:\Users\Anwar Abir\.m2\repository\org\mortbay\jetty\jetty-util\6.1.26\jetty-util-6.1.26.jar;C:\Users\Anwar Abir\.m2\repository\org\apache\hadoop\hadoop-mapreduce-client-app\2.2.0\hadoop-mapreduce-client-app-2.2.0.jar;C:\Users\Anwar Abir\.m2\repository\org\apache\hadoop\hadoop-mapreduce-client-common\2.2.0\hadoop-mapreduce-client-common-2.2.0.jar;C:\Users\Anwar Abir\.m2\repository\org\apache\hadoop\hadoop-yarn-client\2.2.0\hadoop-yarn-client-2.2.0.jar;C:\Users\Anwar Abir\.m2\repository\com\google\inject\guice\3.0\guice-3.0.jar;C:\Users\Anwar Abir\.m2\repository\javax\inject\javax.inject\1\javax.inject-1.jar;C:\Users\Anwar Abir\.m2\repository\aopalliance\aopalliance\1.0\aopalliance-1.0.jar;C:\Users\Anwar Abir\.m2\repository\com\sun\jersey\jersey-test-framework\jersey-test-framework-grizzly2\1.9\jersey-test-framework-grizzly2-1.9.jar;C:\Users\Anwar Abir\.m2\repository\com\sun\jersey\jersey-test-framework\jersey-test-framework-core\1.9\jersey-test-framework-core-1.9.jar;C:\Users\Anwar Abir\.m2\repository\javax\servlet\javax.servlet-api\3.0.1\javax.servlet-api-3.0.1.jar;C:\Users\Anwar Abir\.m2\repository\com\sun\jersey\jersey-client\1.9\jersey-client-1.9.jar;C:\Users\Anwar Abir\.m2\repository\com\sun\jersey\jersey-grizzly2\1.9\jersey-grizzly2-1.9.jar;C:\Users\Anwar Abir\.m2\repository\org\glassfish\grizzly\grizzly-http\2.1.2\grizzly-http-2.1.2.jar;C:\Users\Anwar Abir\.m2\repository\org\glassfish\grizzly\grizzly-framework\2.1.2\grizzly-framework-2.1.2.jar;C:\Users\Anwar Abir\.m2\repository\org\glassfish\gmbal\gmbal-api-only\3.0.0-b023\gmbal-api-only-3.0.0-b023.jar;C:\Users\Anwar Abir\.m2\repository\org\glassfish\external\management-api\3.0.0-b012\management-api-3.0.0-b012.jar;C:\Users\Anwar Abir\.m2\repository\org\glassfish\grizzly\grizzly-http-server\2.1.2\grizzly-http-server-2.1.2.jar;C:\Users\Anwar Abir\.m2\repository\org\glassfish\grizzly\grizzly-rcm\2.1.2\grizzly-rcm-2.1.2.jar;C:\Users\Anwar Abir\.m2\repository\org\glassfish\grizzly\grizzly-http-servlet\2.1.2\grizzly-http-servlet-2.1.2.jar;C:\Users\Anwar Abir\.m2\repository\org\glassfish\javax.servlet\3.1\javax.servlet-3.1.jar;C:\Users\Anwar Abir\.m2\repository\com\sun\jersey\jersey-json\1.9\jersey-json-1.9.jar;C:\Users\Anwar Abir\.m2\repository\org\codehaus\jettison\jettison\1.1\jettison-1.1.jar;C:\Users\Anwar Abir\.m2\repository\stax\stax-api\1.0.1\stax-api-1.0.1.jar;C:\Users\Anwar Abir\.m2\repository\com\sun\xml\bind\jaxb-impl\2.2.3-1\jaxb-impl-2.2.3-1.jar;C:\Users\Anwar Abir\.m2\repository\javax\xml\bind\jaxb-api\2.2.2\jaxb-api-2.2.2.jar;C:\Users\Anwar Abir\.m2\repository\javax\activation\activation\1.1\activation-1.1.jar;C:\Users\Anwar Abir\.m2\repository\org\codehaus\jackson\jackson-jaxrs\1.8.3\jackson-jaxrs-1.8.3.jar;C:\Users\Anwar Abir\.m2\repository\org\codehaus\jackson\jackson-xc\1.8.3\jackson-xc-1.8.3.jar;C:\Users\Anwar Abir\.m2\repository\com\sun\jersey\contribs\jersey-guice\1.9\jersey-guice-1.9.jar;C:\Users\Anwar Abir\.m2\repository\org\apache\hadoop\hadoop-yarn-server-common\2.2.0\hadoop-yarn-server-common-2.2.0.jar;C:\Users\Anwar Abir\.m2\repository\org\apache\hadoop\hadoop-mapreduce-client-shuffle\2.2.0\hadoop-mapreduce-client-shuffle-2.2.0.jar;C:\Users\Anwar Abir\.m2\repository\org\apache\hadoop\hadoop-yarn-api\2.2.0\hadoop-yarn-api-2.2.0.jar;C:\Users\Anwar Abir\.m2\repository\org\apache\hadoop\hadoop-mapreduce-client-core\2.2.0\hadoop-mapreduce-client-core-2.2.0.jar;C:\Users\Anwar Abir\.m2\repository\org\apache\hadoop\hadoop-yarn-common\2.2.0\hadoop-yarn-common-2.2.0.jar;C:\Users\Anwar Abir\.m2\repository\org\apache\hadoop\hadoop-mapreduce-client-jobclient\2.2.0\hadoop-mapreduce-client-jobclient-2.2.0.jar;C:\Users\Anwar Abir\.m2\repository\org\apache\hadoop\hadoop-annotations\2.2.0\hadoop-annotations-2.2.0.jar;C:\Users\Anwar Abir\.m2\repository\org\apache\spark\spark-launcher_2.11\1.6.2\spark-launcher_2.11-1.6.2.jar;C:\Users\Anwar Abir\.m2\repository\org\apache\spark\spark-network-common_2.11\1.6.2\spark-network-common_2.11-1.6.2.jar;C:\Users\Anwar Abir\.m2\repository\org\apache\spark\spark-network-shuffle_2.11\1.6.2\spark-network-shuffle_2.11-1.6.2.jar;C:\Users\Anwar Abir\.m2\repository\org\fusesource\leveldbjni\leveldbjni-all\1.8\leveldbjni-all-1.8.jar;C:\Users\Anwar Abir\.m2\repository\com\fasterxml\jackson\core\jackson-annotations\2.4.4\jackson-annotations-2.4.4.jar;C:\Users\Anwar Abir\.m2\repository\org\apache\spark\spark-unsafe_2.11\1.6.2\spark-unsafe_2.11-1.6.2.jar;C:\Users\Anwar Abir\.m2\repository\net\java\dev\jets3t\jets3t\0.7.1\jets3t-0.7.1.jar;C:\Users\Anwar Abir\.m2\repository\commons-codec\commons-codec\1.3\commons-codec-1.3.jar;C:\Users\Anwar Abir\.m2\repository\commons-httpclient\commons-httpclient\3.1\commons-httpclient-3.1.jar;C:\Users\Anwar Abir\.m2\repository\org\apache\curator\curator-recipes\2.4.0\curator-recipes-2.4.0.jar;C:\Users\Anwar Abir\.m2\repository\org\apache\curator\curator-framework\2.4.0\curator-framework-2.4.0.jar;C:\Users\Anwar Abir\.m2\repository\org\apache\curator\curator-client\2.4.0\curator-client-2.4.0.jar;C:\Users\Anwar Abir\.m2\repository\org\apache\zookeeper\zookeeper\3.4.5\zookeeper-3.4.5.jar;C:\Users\Anwar Abir\.m2\repository\jline\jline\0.9.94\jline-0.9.94.jar;C:\Users\Anwar Abir\.m2\repository\com\google\guava\guava\14.0.1\guava-14.0.1.jar;C:\Users\Anwar Abir\.m2\repository\org\eclipse\jetty\orbit\javax.servlet\3.0.0.v201112011016\javax.servlet-3.0.0.v201112011016.jar;C:\Users\Anwar Abir\.m2\repository\org\apache\commons\commons-lang3\3.3.2\commons-lang3-3.3.2.jar;C:\Users\Anwar Abir\.m2\repository\org\apache\commons\commons-math3\3.4.1\commons-math3-3.4.1.jar;C:\Users\Anwar Abir\.m2\repository\com\google\code\findbugs\jsr305\1.3.9\jsr305-1.3.9.jar;C:\Users\Anwar Abir\.m2\repository\org\slf4j\slf4j-api\1.7.10\slf4j-api-1.7.10.jar;C:\Users\Anwar Abir\.m2\repository\org\slf4j\jul-to-slf4j\1.7.10\jul-to-slf4j-1.7.10.jar;C:\Users\Anwar Abir\.m2\repository\org\slf4j\jcl-over-slf4j\1.7.10\jcl-over-slf4j-1.7.10.jar;C:\Users\Anwar Abir\.m2\repository\log4j\log4j\1.2.17\log4j-1.2.17.jar;C:\Users\Anwar Abir\.m2\repository\org\slf4j\slf4j-log4j12\1.7.10\slf4j-log4j12-1.7.10.jar;C:\Users\Anwar Abir\.m2\repository\com\ning\compress-lzf\1.0.3\compress-lzf-1.0.3.jar;C:\Users\Anwar Abir\.m2\repository\org\xerial\snappy\snappy-java\1.1.2.1\snappy-java-1.1.2.1.jar;C:\Users\Anwar Abir\.m2\repository\net\jpountz\lz4\lz4\1.3.0\lz4-1.3.0.jar;C:\Users\Anwar Abir\.m2\repository\org\roaringbitmap\RoaringBitmap\0.5.11\RoaringBitmap-0.5.11.jar;C:\Users\Anwar Abir\.m2\repository\commons-net\commons-net\2.2\commons-net-2.2.jar;C:\Users\Anwar Abir\.m2\repository\com\typesafe\akka\akka-remote_2.11\2.3.11\akka-remote_2.11-2.3.11.jar;C:\Users\Anwar Abir\.m2\repository\com\typesafe\akka\akka-actor_2.11\2.3.11\akka-actor_2.11-2.3.11.jar;C:\Users\Anwar Abir\.m2\repository\com\typesafe\config\1.2.1\config-1.2.1.jar;C:\Users\Anwar Abir\.m2\repository\io\netty\netty\3.8.0.Final\netty-3.8.0.Final.jar;C:\Users\Anwar Abir\.m2\repository\com\google\protobuf\protobuf-java\2.5.0\protobuf-java-2.5.0.jar;C:\Users\Anwar Abir\.m2\repository\org\uncommons\maths\uncommons-maths\1.2.2a\uncommons-maths-1.2.2a.jar;C:\Users\Anwar Abir\.m2\repository\com\typesafe\akka\akka-slf4j_2.11\2.3.11\akka-slf4j_2.11-2.3.11.jar;C:\Users\Anwar Abir\.m2\repository\org\scala-lang\scala-library\2.11.7\scala-library-2.11.7.jar;C:\Users\Anwar Abir\.m2\repository\org\json4s\json4s-jackson_2.11\3.2.10\json4s-jackson_2.11-3.2.10.jar;C:\Users\Anwar Abir\.m2\repository\org\json4s\json4s-core_2.11\3.2.10\json4s-core_2.11-3.2.10.jar;C:\Users\Anwar Abir\.m2\repository\org\json4s\json4s-ast_2.11\3.2.10\json4s-ast_2.11-3.2.10.jar;C:\Users\Anwar Abir\.m2\repository\org\scala-lang\scalap\2.11.0\scalap-2.11.0.jar;C:\Users\Anwar Abir\.m2\repository\com\sun\jersey\jersey-server\1.9\jersey-server-1.9.jar;C:\Users\Anwar Abir\.m2\repository\asm\asm\3.1\asm-3.1.jar;C:\Users\Anwar Abir\.m2\repository\com\sun\jersey\jersey-core\1.9\jersey-core-1.9.jar;C:\Users\Anwar Abir\.m2\repository\org\apache\mesos\mesos\0.21.1\mesos-0.21.1-shaded-protobuf.jar;C:\Users\Anwar Abir\.m2\repository\io\netty\netty-all\4.0.29.Final\netty-all-4.0.29.Final.jar;C:\Users\Anwar Abir\.m2\repository\com\clearspring\analytics\stream\2.7.0\stream-2.7.0.jar;C:\Users\Anwar Abir\.m2\repository\io\dropwizard\metrics\metrics-core\3.1.2\metrics-core-3.1.2.jar;C:\Users\Anwar Abir\.m2\repository\io\dropwizard\metrics\metrics-jvm\3.1.2\metrics-jvm-3.1.2.jar;C:\Users\Anwar Abir\.m2\repository\io\dropwizard\metrics\metrics-json\3.1.2\metrics-json-3.1.2.jar;C:\Users\Anwar Abir\.m2\repository\io\dropwizard\metrics\metrics-graphite\3.1.2\metrics-graphite-3.1.2.jar;C:\Users\Anwar Abir\.m2\repository\com\fasterxml\jackson\core\jackson-databind\2.4.4\jackson-databind-2.4.4.jar;C:\Users\Anwar Abir\.m2\repository\com\fasterxml\jackson\core\jackson-core\2.4.4\jackson-core-2.4.4.jar;C:\Users\Anwar Abir\.m2\repository\com\fasterxml\jackson\module\jackson-module-scala_2.11\2.4.4\jackson-module-scala_2.11-2.4.4.jar;C:\Users\Anwar Abir\.m2\repository\org\scala-lang\scala-reflect\2.11.2\scala-reflect-2.11.2.jar;C:\Users\Anwar Abir\.m2\repository\com\thoughtworks\paranamer\paranamer\2.6\paranamer-2.6.jar;C:\Users\Anwar Abir\.m2\repository\org\apache\ivy\ivy\2.4.0\ivy-2.4.0.jar;C:\Users\Anwar Abir\.m2\repository\oro\oro\2.0.8\oro-2.0.8.jar;C:\Users\Anwar Abir\.m2\repository\org\tachyonproject\tachyon-client\0.8.2\tachyon-client-0.8.2.jar;C:\Users\Anwar Abir\.m2\repository\commons-lang\commons-lang\2.4\commons-lang-2.4.jar;C:\Users\Anwar Abir\.m2\repository\commons-io\commons-io\2.4\commons-io-2.4.jar;C:\Users\Anwar Abir\.m2\repository\org\tachyonproject\tachyon-underfs-hdfs\0.8.2\tachyon-underfs-hdfs-0.8.2.jar;C:\Users\Anwar Abir\.m2\repository\org\tachyonproject\tachyon-underfs-s3\0.8.2\tachyon-underfs-s3-0.8.2.jar;C:\Users\Anwar Abir\.m2\repository\org\tachyonproject\tachyon-underfs-local\0.8.2\tachyon-underfs-local-0.8.2.jar;C:\Users\Anwar Abir\.m2\repository\net\razorvine\pyrolite\4.9\pyrolite-4.9.jar;C:\Users\Anwar Abir\.m2\repository\net\sf\py4j\py4j\0.9\py4j-0.9.jar;C:\Users\Anwar Abir\.m2\repository\org\spark-project\spark\unused\1.0.0\unused-1.0.0.jar;C:\Users\Anwar Abir\.m2\repository\org\apache\spark\spark-mllib_2.11\1.3.0\spark-mllib_2.11-1.3.0.jar;C:\Users\Anwar Abir\.m2\repository\org\apache\spark\spark-streaming_2.11\1.3.0\spark-streaming_2.11-1.3.0.jar;C:\Users\Anwar Abir\.m2\repository\org\apache\spark\spark-sql_2.11\1.3.0\spark-sql_2.11-1.3.0.jar;C:\Users\Anwar Abir\.m2\repository\org\apache\spark\spark-catalyst_2.11\1.3.0\spark-catalyst_2.11-1.3.0.jar;C:\Users\Anwar Abir\.m2\repository\org\scala-lang\scala-compiler\2.11.2\scala-compiler-2.11.2.jar;C:\Users\Anwar Abir\.m2\repository\org\scala-lang\modules\scala-xml_2.11\1.0.2\scala-xml_2.11-1.0.2.jar;C:\Users\Anwar Abir\.m2\repository\org\scala-lang\modules\scala-parser-combinators_2.11\1.0.2\scala-parser-combinators_2.11-1.0.2.jar;C:\Users\Anwar Abir\.m2\repository\com\twitter\parquet-column\1.6.0rc3\parquet-column-1.6.0rc3.jar;C:\Users\Anwar Abir\.m2\repository\com\twitter\parquet-common\1.6.0rc3\parquet-common-1.6.0rc3.jar;C:\Users\Anwar Abir\.m2\repository\com\twitter\parquet-encoding\1.6.0rc3\parquet-encoding-1.6.0rc3.jar;C:\Users\Anwar Abir\.m2\repository\com\twitter\parquet-generator\1.6.0rc3\parquet-generator-1.6.0rc3.jar;C:\Users\Anwar Abir\.m2\repository\com\twitter\parquet-hadoop\1.6.0rc3\parquet-hadoop-1.6.0rc3.jar;C:\Users\Anwar Abir\.m2\repository\com\twitter\parquet-format\2.2.0-rc1\parquet-format-2.2.0-rc1.jar;C:\Users\Anwar Abir\.m2\repository\com\twitter\parquet-jackson\1.6.0rc3\parquet-jackson-1.6.0rc3.jar;C:\Users\Anwar Abir\.m2\repository\org\jodd\jodd-core\3.6.3\jodd-core-3.6.3.jar;C:\Users\Anwar Abir\.m2\repository\org\apache\spark\spark-graphx_2.11\1.3.0\spark-graphx_2.11-1.3.0.jar;C:\Users\Anwar Abir\.m2\repository\org\jblas\jblas\1.2.3\jblas-1.2.3.jar;C:\Users\Anwar Abir\.m2\repository\org\scalanlp\breeze_2.11\0.11.1\breeze_2.11-0.11.1.jar;C:\Users\Anwar Abir\.m2\repository\org\scalanlp\breeze-macros_2.11\0.11.1\breeze-macros_2.11-0.11.1.jar;C:\Users\Anwar Abir\.m2\repository\com\github\fommil\netlib\core\1.1.2\core-1.1.2.jar;C:\Users\Anwar Abir\.m2\repository\net\sourceforge\f2j\arpack_combined_all\0.1\arpack_combined_all-0.1.jar;C:\Users\Anwar Abir\.m2\repository\net\sf\opencsv\opencsv\2.3\opencsv-2.3.jar;C:\Users\Anwar Abir\.m2\repository\com\github\rwl\jtransforms\2.4.0\jtransforms-2.4.0.jar;C:\Users\Anwar Abir\.m2\repository\org\spire-math\spire_2.11\0.7.4\spire_2.11-0.7.4.jar;C:\Users\Anwar Abir\.m2\repository\org\spire-math\spire-macros_2.11\0.7.4\spire-macros_2.11-0.7.4.jar;C:\Users\Anwar Abir\.m2\repository\org\bytedeco\javacv-platform\1.3\javacv-platform-1.3.jar;C:\Users\Anwar Abir\.m2\repository\org\bytedeco\javacv\1.3\javacv-1.3.jar;C:\Users\Anwar Abir\.m2\repository\org\bytedeco\javacpp\1.3\javacpp-1.3.jar;C:\Users\Anwar Abir\.m2\repository\org\bytedeco\javacpp-presets\opencv\3.1.0-1.3\opencv-3.1.0-1.3.jar;C:\Users\Anwar Abir\.m2\repository\org\bytedeco\javacpp-presets\ffmpeg\3.2.1-1.3\ffmpeg-3.2.1-1.3.jar;C:\Users\Anwar Abir\.m2\repository\org\bytedeco\javacpp-presets\flycapture\2.9.3.43-1.3\flycapture-2.9.3.43-1.3.jar;C:\Users\Anwar Abir\.m2\repository\org\bytedeco\javacpp-presets\libdc1394\2.2.4-1.3\libdc1394-2.2.4-1.3.jar;C:\Users\Anwar Abir\.m2\repository\org\bytedeco\javacpp-presets\libfreenect\0.5.3-1.3\libfreenect-0.5.3-1.3.jar;C:\Users\Anwar Abir\.m2\repository\org\bytedeco\javacpp-presets\librealsense\1.9.6-1.3\librealsense-1.9.6-1.3.jar;C:\Users\Anwar Abir\.m2\repository\org\bytedeco\javacpp-presets\videoinput\0.200-1.3\videoinput-0.200-1.3.jar;C:\Users\Anwar Abir\.m2\repository\org\bytedeco\javacpp-presets\artoolkitplus\2.3.1-1.3\artoolkitplus-2.3.1-1.3.jar;C:\Users\Anwar Abir\.m2\repository\org\bytedeco\javacpp-presets\flandmark\1.07-1.3\flandmark-1.07-1.3.jar;C:\Users\Anwar Abir\.m2\repository\org\bytedeco\javacpp-presets\opencv-platform\3.1.0-1.3\opencv-platform-3.1.0-1.3.jar;C:\Users\Anwar Abir\.m2\repository\org\bytedeco\javacpp-presets\opencv\3.1.0-1.3\opencv-3.1.0-1.3-android-arm.jar;C:\Users\Anwar Abir\.m2\repository\org\bytedeco\javacpp-presets\opencv\3.1.0-1.3\opencv-3.1.0-1.3-android-x86.jar;C:\Users\Anwar Abir\.m2\repository\org\bytedeco\javacpp-presets\opencv\3.1.0-1.3\opencv-3.1.0-1.3-linux-x86.jar;C:\Users\Anwar Abir\.m2\repository\org\bytedeco\javacpp-presets\opencv\3.1.0-1.3\opencv-3.1.0-1.3-linux-x86_64.jar;C:\Users\Anwar Abir\.m2\repository\org\bytedeco\javacpp-presets\opencv\3.1.0-1.3\opencv-3.1.0-1.3-linux-armhf.jar;C:\Users\Anwar Abir\.m2\repository\org\bytedeco\javacpp-presets\opencv\3.1.0-1.3\opencv-3.1.0-1.3-linux-ppc64le.jar;C:\Users\Anwar Abir\.m2\repository\org\bytedeco\javacpp-presets\opencv\3.1.0-1.3\opencv-3.1.0-1.3-macosx-x86_64.jar;C:\Users\Anwar Abir\.m2\repository\org\bytedeco\javacpp-presets\opencv\3.1.0-1.3\opencv-3.1.0-1.3-windows-x86.jar;C:\Users\Anwar Abir\.m2\repository\org\bytedeco\javacpp-presets\opencv\3.1.0-1.3\opencv-3.1.0-1.3-windows-x86_64.jar;C:\Users\Anwar Abir\.m2\repository\org\bytedeco\javacpp-presets\ffmpeg-platform\3.2.1-1.3\ffmpeg-platform-3.2.1-1.3.jar;C:\Users\Anwar Abir\.m2\repository\org\bytedeco\javacpp-presets\ffmpeg\3.2.1-1.3\ffmpeg-3.2.1-1.3-android-arm.jar;C:\Users\Anwar Abir\.m2\repository\org\bytedeco\javacpp-presets\ffmpeg\3.2.1-1.3\ffmpeg-3.2.1-1.3-android-x86.jar;C:\Users\Anwar Abir\.m2\repository\org\bytedeco\javacpp-presets\ffmpeg\3.2.1-1.3\ffmpeg-3.2.1-1.3-linux-x86.jar;C:\Users\Anwar Abir\.m2\repository\org\bytedeco\javacpp-presets\ffmpeg\3.2.1-1.3\ffmpeg-3.2.1-1.3-linux-x86_64.jar;C:\Users\Anwar Abir\.m2\repository\org\bytedeco\javacpp-presets\ffmpeg\3.2.1-1.3\ffmpeg-3.2.1-1.3-linux-armhf.jar;C:\Users\Anwar Abir\.m2\repository\org\bytedeco\javacpp-presets\ffmpeg\3.2.1-1.3\ffmpeg-3.2.1-1.3-linux-ppc64le.jar;C:\Users\Anwar Abir\.m2\repository\org\bytedeco\javacpp-presets\ffmpeg\3.2.1-1.3\ffmpeg-3.2.1-1.3-macosx-x86_64.jar;C:\Users\Anwar Abir\.m2\repository\org\bytedeco\javacpp-presets\ffmpeg\3.2.1-1.3\ffmpeg-3.2.1-1.3-windows-x86.jar;C:\Users\Anwar Abir\.m2\repository\org\bytedeco\javacpp-presets\ffmpeg\3.2.1-1.3\ffmpeg-3.2.1-1.3-windows-x86_64.jar;C:\Users\Anwar Abir\.m2\repository\org\bytedeco\javacpp-presets\flycapture-platform\2.9.3.43-1.3\flycapture-platform-2.9.3.43-1.3.jar;C:\Users\Anwar Abir\.m2\repository\org\bytedeco\javacpp-presets\flycapture\2.9.3.43-1.3\flycapture-2.9.3.43-1.3-linux-x86.jar;C:\Users\Anwar Abir\.m2\repository\org\bytedeco\javacpp-presets\flycapture\2.9.3.43-1.3\flycapture-2.9.3.43-1.3-linux-x86_64.jar;C:\Users\Anwar Abir\.m2\repository\org\bytedeco\javacpp-presets\flycapture\2.9.3.43-1.3\flycapture-2.9.3.43-1.3-linux-armhf.jar;C:\Users\Anwar Abir\.m2\repository\org\bytedeco\javacpp-presets\flycapture\2.9.3.43-1.3\flycapture-2.9.3.43-1.3-windows-x86.jar;C:\Users\Anwar Abir\.m2\repository\org\bytedeco\javacpp-presets\flycapture\2.9.3.43-1.3\flycapture-2.9.3.43-1.3-windows-x86_64.jar;C:\Users\Anwar Abir\.m2\repository\org\bytedeco\javacpp-presets\libdc1394-platform\2.2.4-1.3\libdc1394-platform-2.2.4-1.3.jar;C:\Users\Anwar Abir\.m2\repository\org\bytedeco\javacpp-presets\libdc1394\2.2.4-1.3\libdc1394-2.2.4-1.3-linux-x86.jar;C:\Users\Anwar Abir\.m2\repository\org\bytedeco\javacpp-presets\libdc1394\2.2.4-1.3\libdc1394-2.2.4-1.3-linux-x86_64.jar;C:\Users\Anwar Abir\.m2\repository\org\bytedeco\javacpp-presets\libdc1394\2.2.4-1.3\libdc1394-2.2.4-1.3-linux-armhf.jar;C:\Users\Anwar Abir\.m2\repository\org\bytedeco\javacpp-presets\libdc1394\2.2.4-1.3\libdc1394-2.2.4-1.3-linux-ppc64le.jar;C:\Users\Anwar Abir\.m2\repository\org\bytedeco\javacpp-presets\libdc1394\2.2.4-1.3\libdc1394-2.2.4-1.3-macosx-x86_64.jar;C:\Users\Anwar Abir\.m2\repository\org\bytedeco\javacpp-presets\libdc1394\2.2.4-1.3\libdc1394-2.2.4-1.3-windows-x86.jar;C:\Users\Anwar Abir\.m2\repository\org\bytedeco\javacpp-presets\libdc1394\2.2.4-1.3\libdc1394-2.2.4-1.3-windows-x86_64.jar;C:\Users\Anwar Abir\.m2\repository\org\bytedeco\javacpp-presets\libfreenect-platform\0.5.3-1.3\libfreenect-platform-0.5.3-1.3.jar;C:\Users\Anwar Abir\.m2\repository\org\bytedeco\javacpp-presets\libfreenect\0.5.3-1.3\libfreenect-0.5.3-1.3-linux-x86.jar;C:\Users\Anwar Abir\.m2\repository\org\bytedeco\javacpp-presets\libfreenect\0.5.3-1.3\libfreenect-0.5.3-1.3-linux-x86_64.jar;C:\Users\Anwar Abir\.m2\repository\org\bytedeco\javacpp-presets\libfreenect\0.5.3-1.3\libfreenect-0.5.3-1.3-linux-armhf.jar;C:\Users\Anwar Abir\.m2\repository\org\bytedeco\javacpp-presets\libfreenect\0.5.3-1.3\libfreenect-0.5.3-1.3-linux-ppc64le.jar;C:\Users\Anwar Abir\.m2\repository\org\bytedeco\javacpp-presets\libfreenect\0.5.3-1.3\libfreenect-0.5.3-1.3-macosx-x86_64.jar;C:\Users\Anwar Abir\.m2\repository\org\bytedeco\javacpp-presets\libfreenect\0.5.3-1.3\libfreenect-0.5.3-1.3-windows-x86.jar;C:\Users\Anwar Abir\.m2\repository\org\bytedeco\javacpp-presets\libfreenect\0.5.3-1.3\libfreenect-0.5.3-1.3-windows-x86_64.jar;C:\Users\Anwar Abir\.m2\repository\org\bytedeco\javacpp-presets\librealsense-platform\1.9.6-1.3\librealsense-platform-1.9.6-1.3.jar;C:\Users\Anwar Abir\.m2\repository\org\bytedeco\javacpp-presets\librealsense\1.9.6-1.3\librealsense-1.9.6-1.3-linux-x86.jar;C:\Users\Anwar Abir\.m2\repository\org\bytedeco\javacpp-presets\librealsense\1.9.6-1.3\librealsense-1.9.6-1.3-linux-x86_64.jar;C:\Users\Anwar Abir\.m2\repository\org\bytedeco\javacpp-presets\videoinput-platform\0.200-1.3\videoinput-platform-0.200-1.3.jar;C:\Users\Anwar Abir\.m2\repository\org\bytedeco\javacpp-presets\videoinput\0.200-1.3\videoinput-0.200-1.3-windows-x86.jar;C:\Users\Anwar Abir\.m2\repository\org\bytedeco\javacpp-presets\videoinput\0.200-1.3\videoinput-0.200-1.3-windows-x86_64.jar;C:\Users\Anwar Abir\.m2\repository\org\bytedeco\javacpp-presets\artoolkitplus-platform\2.3.1-1.3\artoolkitplus-platform-2.3.1-1.3.jar;C:\Users\Anwar Abir\.m2\repository\org\bytedeco\javacpp-presets\artoolkitplus\2.3.1-1.3\artoolkitplus-2.3.1-1.3-android-arm.jar;C:\Users\Anwar Abir\.m2\repository\org\bytedeco\javacpp-presets\artoolkitplus\2.3.1-1.3\artoolkitplus-2.3.1-1.3-android-x86.jar;C:\Users\Anwar Abir\.m2\repository\org\bytedeco\javacpp-presets\artoolkitplus\2.3.1-1.3\artoolkitplus-2.3.1-1.3-linux-x86.jar;C:\Users\Anwar Abir\.m2\repository\org\bytedeco\javacpp-presets\artoolkitplus\2.3.1-1.3\artoolkitplus-2.3.1-1.3-linux-x86_64.jar;C:\Users\Anwar Abir\.m2\repository\org\bytedeco\javacpp-presets\artoolkitplus\2.3.1-1.3\artoolkitplus-2.3.1-1.3-linux-armhf.jar;C:\Users\Anwar Abir\.m2\repository\org\bytedeco\javacpp-presets\artoolkitplus\2.3.1-1.3\artoolkitplus-2.3.1-1.3-linux-ppc64le.jar;C:\Users\Anwar Abir\.m2\repository\org\bytedeco\javacpp-presets\artoolkitplus\2.3.1-1.3\artoolkitplus-2.3.1-1.3-macosx-x86_64.jar;C:\Users\Anwar Abir\.m2\repository\org\bytedeco\javacpp-presets\artoolkitplus\2.3.1-1.3\artoolkitplus-2.3.1-1.3-windows-x86.jar;C:\Users\Anwar Abir\.m2\repository\org\bytedeco\javacpp-presets\artoolkitplus\2.3.1-1.3\artoolkitplus-2.3.1-1.3-windows-x86_64.jar;C:\Users\Anwar Abir\.m2\repository\org\bytedeco\javacpp-presets\flandmark-platform\1.07-1.3\flandmark-platform-1.07-1.3.jar;C:\Users\Anwar Abir\.m2\repository\org\bytedeco\javacpp-presets\flandmark\1.07-1.3\flandmark-1.07-1.3-android-arm.jar;C:\Users\Anwar Abir\.m2\repository\org\bytedeco\javacpp-presets\flandmark\1.07-1.3\flandmark-1.07-1.3-android-x86.jar;C:\Users\Anwar Abir\.m2\repository\org\bytedeco\javacpp-presets\flandmark\1.07-1.3\flandmark-1.07-1.3-linux-x86.jar;C:\Users\Anwar Abir\.m2\repository\org\bytedeco\javacpp-presets\flandmark\1.07-1.3\flandmark-1.07-1.3-linux-x86_64.jar;C:\Users\Anwar Abir\.m2\repository\org\bytedeco\javacpp-presets\flandmark\1.07-1.3\flandmark-1.07-1.3-linux-armhf.jar;C:\Users\Anwar Abir\.m2\repository\org\bytedeco\javacpp-presets\flandmark\1.07-1.3\flandmark-1.07-1.3-linux-ppc64le.jar;C:\Users\Anwar Abir\.m2\repository\org\bytedeco\javacpp-presets\flandmark\1.07-1.3\flandmark-1.07-1.3-macosx-x86_64.jar;C:\Users\Anwar Abir\.m2\repository\org\bytedeco\javacpp-presets\flandmark\1.07-1.3\flandmark-1.07-1.3-windows-x86.jar;C:\Users\Anwar Abir\.m2\repository\org\bytedeco\javacpp-presets\flandmark\1.07-1.3\flandmark-1.07-1.3-windows-x86_64.jar;C:\Users\Anwar Abir\.m2\repository\com\github\jai-imageio\jai-imageio-core\1.3.1\jai-imageio-core-1.3.1.jar;"/>
    <property name="java.vm.vendor" value="Oracle Corporation"/>
    <property name="sun.arch.data.model" value="64"/>
    <property name="user.variant" value=""/>
    <property name="java.vendor.url" value="http://java.oracle.com/"/>
    <property name="user.timezone" value=""/>
    <property name="java.vm.specification.version" value="1.8"/>
    <property name="os.name" value="Windows 10"/>
    <property name="user.country" value="US"/>
    <property name="sun.java.launcher" value="SUN_STANDARD"/>
    <property name="sun.boot.library.path" value="C:\Program Files\Java\jre1.8.0_202\bin"/>
    <property name="sun.java.command" value="C:\Users\ANWARA~1\AppData\Local\Temp\surefire5302718958814779282\surefirebooter7291139865756759541.jar C:\Users\Anwar Abir\AppData\Local\Temp\surefire5302718958814779282 2019-05-20T15-06-49_991-jvmRun1 surefire7455016946564119649tmp surefire_08999965986462279493tmp"/>
    <property name="surefire.test.class.path" value="C:\Users\Anwar Abir\Documents\My_project_kepler\Cluster\target\test-classes;C:\Users\Anwar Abir\Documents\My_project_kepler\Cluster\target\classes;C:\Users\Anwar Abir\.m2\repository\junit\junit\4.11\junit-4.11.jar;C:\Users\Anwar Abir\.m2\repository\org\hamcrest\hamcrest-core\1.3\hamcrest-core-1.3.jar;C:\Users\Anwar Abir\.m2\repository\org\apache\spark\spark-core_2.11\1.6.2\spark-core_2.11-1.6.2.jar;C:\Users\Anwar Abir\.m2\repository\org\apache\avro\avro-mapred\1.7.7\avro-mapred-1.7.7-hadoop2.jar;C:\Users\Anwar Abir\.m2\repository\org\apache\avro\avro-ipc\1.7.7\avro-ipc-1.7.7.jar;C:\Users\Anwar Abir\.m2\repository\org\apache\avro\avro\1.7.7\avro-1.7.7.jar;C:\Users\Anwar Abir\.m2\repository\org\apache\avro\avro-ipc\1.7.7\avro-ipc-1.7.7-tests.jar;C:\Users\Anwar Abir\.m2\repository\org\codehaus\jackson\jackson-core-asl\1.9.13\jackson-core-asl-1.9.13.jar;C:\Users\Anwar Abir\.m2\repository\org\codehaus\jackson\jackson-mapper-asl\1.9.13\jackson-mapper-asl-1.9.13.jar;C:\Users\Anwar Abir\.m2\repository\com\twitter\chill_2.11\0.5.0\chill_2.11-0.5.0.jar;C:\Users\Anwar Abir\.m2\repository\com\esotericsoftware\kryo\kryo\2.21\kryo-2.21.jar;C:\Users\Anwar Abir\.m2\repository\com\esotericsoftware\reflectasm\reflectasm\1.07\reflectasm-1.07-shaded.jar;C:\Users\Anwar Abir\.m2\repository\com\esotericsoftware\minlog\minlog\1.2\minlog-1.2.jar;C:\Users\Anwar Abir\.m2\repository\org\objenesis\objenesis\1.2\objenesis-1.2.jar;C:\Users\Anwar Abir\.m2\repository\com\twitter\chill-java\0.5.0\chill-java-0.5.0.jar;C:\Users\Anwar Abir\.m2\repository\org\apache\xbean\xbean-asm5-shaded\4.4\xbean-asm5-shaded-4.4.jar;C:\Users\Anwar Abir\.m2\repository\org\apache\hadoop\hadoop-client\2.2.0\hadoop-client-2.2.0.jar;C:\Users\Anwar Abir\.m2\repository\org\apache\hadoop\hadoop-common\2.2.0\hadoop-common-2.2.0.jar;C:\Users\Anwar Abir\.m2\repository\commons-cli\commons-cli\1.2\commons-cli-1.2.jar;C:\Users\Anwar Abir\.m2\repository\org\apache\commons\commons-math\2.1\commons-math-2.1.jar;C:\Users\Anwar Abir\.m2\repository\xmlenc\xmlenc\0.52\xmlenc-0.52.jar;C:\Users\Anwar Abir\.m2\repository\commons-configuration\commons-configuration\1.6\commons-configuration-1.6.jar;C:\Users\Anwar Abir\.m2\repository\commons-collections\commons-collections\3.2.1\commons-collections-3.2.1.jar;C:\Users\Anwar Abir\.m2\repository\commons-digester\commons-digester\1.8\commons-digester-1.8.jar;C:\Users\Anwar Abir\.m2\repository\commons-beanutils\commons-beanutils\1.7.0\commons-beanutils-1.7.0.jar;C:\Users\Anwar Abir\.m2\repository\commons-beanutils\commons-beanutils-core\1.8.0\commons-beanutils-core-1.8.0.jar;C:\Users\Anwar Abir\.m2\repository\org\apache\hadoop\hadoop-auth\2.2.0\hadoop-auth-2.2.0.jar;C:\Users\Anwar Abir\.m2\repository\org\apache\commons\commons-compress\1.4.1\commons-compress-1.4.1.jar;C:\Users\Anwar Abir\.m2\repository\org\tukaani\xz\1.0\xz-1.0.jar;C:\Users\Anwar Abir\.m2\repository\org\apache\hadoop\hadoop-hdfs\2.2.0\hadoop-hdfs-2.2.0.jar;C:\Users\Anwar Abir\.m2\repository\org\mortbay\jetty\jetty-util\6.1.26\jetty-util-6.1.26.jar;C:\Users\Anwar Abir\.m2\repository\org\apache\hadoop\hadoop-mapreduce-client-app\2.2.0\hadoop-mapreduce-client-app-2.2.0.jar;C:\Users\Anwar Abir\.m2\repository\org\apache\hadoop\hadoop-mapreduce-client-common\2.2.0\hadoop-mapreduce-client-common-2.2.0.jar;C:\Users\Anwar Abir\.m2\repository\org\apache\hadoop\hadoop-yarn-client\2.2.0\hadoop-yarn-client-2.2.0.jar;C:\Users\Anwar Abir\.m2\repository\com\google\inject\guice\3.0\guice-3.0.jar;C:\Users\Anwar Abir\.m2\repository\javax\inject\javax.inject\1\javax.inject-1.jar;C:\Users\Anwar Abir\.m2\repository\aopalliance\aopalliance\1.0\aopalliance-1.0.jar;C:\Users\Anwar Abir\.m2\repository\com\sun\jersey\jersey-test-framework\jersey-test-framework-grizzly2\1.9\jersey-test-framework-grizzly2-1.9.jar;C:\Users\Anwar Abir\.m2\repository\com\sun\jersey\jersey-test-framework\jersey-test-framework-core\1.9\jersey-test-framework-core-1.9.jar;C:\Users\Anwar Abir\.m2\repository\javax\servlet\javax.servlet-api\3.0.1\javax.servlet-api-3.0.1.jar;C:\Users\Anwar Abir\.m2\repository\com\sun\jersey\jersey-client\1.9\jersey-client-1.9.jar;C:\Users\Anwar Abir\.m2\repository\com\sun\jersey\jersey-grizzly2\1.9\jersey-grizzly2-1.9.jar;C:\Users\Anwar Abir\.m2\repository\org\glassfish\grizzly\grizzly-http\2.1.2\grizzly-http-2.1.2.jar;C:\Users\Anwar Abir\.m2\repository\org\glassfish\grizzly\grizzly-framework\2.1.2\grizzly-framework-2.1.2.jar;C:\Users\Anwar Abir\.m2\repository\org\glassfish\gmbal\gmbal-api-only\3.0.0-b023\gmbal-api-only-3.0.0-b023.jar;C:\Users\Anwar Abir\.m2\repository\org\glassfish\external\management-api\3.0.0-b012\management-api-3.0.0-b012.jar;C:\Users\Anwar Abir\.m2\repository\org\glassfish\grizzly\grizzly-http-server\2.1.2\grizzly-http-server-2.1.2.jar;C:\Users\Anwar Abir\.m2\repository\org\glassfish\grizzly\grizzly-rcm\2.1.2\grizzly-rcm-2.1.2.jar;C:\Users\Anwar Abir\.m2\repository\org\glassfish\grizzly\grizzly-http-servlet\2.1.2\grizzly-http-servlet-2.1.2.jar;C:\Users\Anwar Abir\.m2\repository\org\glassfish\javax.servlet\3.1\javax.servlet-3.1.jar;C:\Users\Anwar Abir\.m2\repository\com\sun\jersey\jersey-json\1.9\jersey-json-1.9.jar;C:\Users\Anwar Abir\.m2\repository\org\codehaus\jettison\jettison\1.1\jettison-1.1.jar;C:\Users\Anwar Abir\.m2\repository\stax\stax-api\1.0.1\stax-api-1.0.1.jar;C:\Users\Anwar Abir\.m2\repository\com\sun\xml\bind\jaxb-impl\2.2.3-1\jaxb-impl-2.2.3-1.jar;C:\Users\Anwar Abir\.m2\repository\javax\xml\bind\jaxb-api\2.2.2\jaxb-api-2.2.2.jar;C:\Users\Anwar Abir\.m2\repository\javax\activation\activation\1.1\activation-1.1.jar;C:\Users\Anwar Abir\.m2\repository\org\codehaus\jackson\jackson-jaxrs\1.8.3\jackson-jaxrs-1.8.3.jar;C:\Users\Anwar Abir\.m2\repository\org\codehaus\jackson\jackson-xc\1.8.3\jackson-xc-1.8.3.jar;C:\Users\Anwar Abir\.m2\repository\com\sun\jersey\contribs\jersey-guice\1.9\jersey-guice-1.9.jar;C:\Users\Anwar Abir\.m2\repository\org\apache\hadoop\hadoop-yarn-server-common\2.2.0\hadoop-yarn-server-common-2.2.0.jar;C:\Users\Anwar Abir\.m2\repository\org\apache\hadoop\hadoop-mapreduce-client-shuffle\2.2.0\hadoop-mapreduce-client-shuffle-2.2.0.jar;C:\Users\Anwar Abir\.m2\repository\org\apache\hadoop\hadoop-yarn-api\2.2.0\hadoop-yarn-api-2.2.0.jar;C:\Users\Anwar Abir\.m2\repository\org\apache\hadoop\hadoop-mapreduce-client-core\2.2.0\hadoop-mapreduce-client-core-2.2.0.jar;C:\Users\Anwar Abir\.m2\repository\org\apache\hadoop\hadoop-yarn-common\2.2.0\hadoop-yarn-common-2.2.0.jar;C:\Users\Anwar Abir\.m2\repository\org\apache\hadoop\hadoop-mapreduce-client-jobclient\2.2.0\hadoop-mapreduce-client-jobclient-2.2.0.jar;C:\Users\Anwar Abir\.m2\repository\org\apache\hadoop\hadoop-annotations\2.2.0\hadoop-annotations-2.2.0.jar;C:\Users\Anwar Abir\.m2\repository\org\apache\spark\spark-launcher_2.11\1.6.2\spark-launcher_2.11-1.6.2.jar;C:\Users\Anwar Abir\.m2\repository\org\apache\spark\spark-network-common_2.11\1.6.2\spark-network-common_2.11-1.6.2.jar;C:\Users\Anwar Abir\.m2\repository\org\apache\spark\spark-network-shuffle_2.11\1.6.2\spark-network-shuffle_2.11-1.6.2.jar;C:\Users\Anwar Abir\.m2\repository\org\fusesource\leveldbjni\leveldbjni-all\1.8\leveldbjni-all-1.8.jar;C:\Users\Anwar Abir\.m2\repository\com\fasterxml\jackson\core\jackson-annotations\2.4.4\jackson-annotations-2.4.4.jar;C:\Users\Anwar Abir\.m2\repository\org\apache\spark\spark-unsafe_2.11\1.6.2\spark-unsafe_2.11-1.6.2.jar;C:\Users\Anwar Abir\.m2\repository\net\java\dev\jets3t\jets3t\0.7.1\jets3t-0.7.1.jar;C:\Users\Anwar Abir\.m2\repository\commons-codec\commons-codec\1.3\commons-codec-1.3.jar;C:\Users\Anwar Abir\.m2\repository\commons-httpclient\commons-httpclient\3.1\commons-httpclient-3.1.jar;C:\Users\Anwar Abir\.m2\repository\org\apache\curator\curator-recipes\2.4.0\curator-recipes-2.4.0.jar;C:\Users\Anwar Abir\.m2\repository\org\apache\curator\curator-framework\2.4.0\curator-framework-2.4.0.jar;C:\Users\Anwar Abir\.m2\repository\org\apache\curator\curator-client\2.4.0\curator-client-2.4.0.jar;C:\Users\Anwar Abir\.m2\repository\org\apache\zookeeper\zookeeper\3.4.5\zookeeper-3.4.5.jar;C:\Users\Anwar Abir\.m2\repository\jline\jline\0.9.94\jline-0.9.94.jar;C:\Users\Anwar Abir\.m2\repository\com\google\guava\guava\14.0.1\guava-14.0.1.jar;C:\Users\Anwar Abir\.m2\repository\org\eclipse\jetty\orbit\javax.servlet\3.0.0.v201112011016\javax.servlet-3.0.0.v201112011016.jar;C:\Users\Anwar Abir\.m2\repository\org\apache\commons\commons-lang3\3.3.2\commons-lang3-3.3.2.jar;C:\Users\Anwar Abir\.m2\repository\org\apache\commons\commons-math3\3.4.1\commons-math3-3.4.1.jar;C:\Users\Anwar Abir\.m2\repository\com\google\code\findbugs\jsr305\1.3.9\jsr305-1.3.9.jar;C:\Users\Anwar Abir\.m2\repository\org\slf4j\slf4j-api\1.7.10\slf4j-api-1.7.10.jar;C:\Users\Anwar Abir\.m2\repository\org\slf4j\jul-to-slf4j\1.7.10\jul-to-slf4j-1.7.10.jar;C:\Users\Anwar Abir\.m2\repository\org\slf4j\jcl-over-slf4j\1.7.10\jcl-over-slf4j-1.7.10.jar;C:\Users\Anwar Abir\.m2\repository\log4j\log4j\1.2.17\log4j-1.2.17.jar;C:\Users\Anwar Abir\.m2\repository\org\slf4j\slf4j-log4j12\1.7.10\slf4j-log4j12-1.7.10.jar;C:\Users\Anwar Abir\.m2\repository\com\ning\compress-lzf\1.0.3\compress-lzf-1.0.3.jar;C:\Users\Anwar Abir\.m2\repository\org\xerial\snappy\snappy-java\1.1.2.1\snappy-java-1.1.2.1.jar;C:\Users\Anwar Abir\.m2\repository\net\jpountz\lz4\lz4\1.3.0\lz4-1.3.0.jar;C:\Users\Anwar Abir\.m2\repository\org\roaringbitmap\RoaringBitmap\0.5.11\RoaringBitmap-0.5.11.jar;C:\Users\Anwar Abir\.m2\repository\commons-net\commons-net\2.2\commons-net-2.2.jar;C:\Users\Anwar Abir\.m2\repository\com\typesafe\akka\akka-remote_2.11\2.3.11\akka-remote_2.11-2.3.11.jar;C:\Users\Anwar Abir\.m2\repository\com\typesafe\akka\akka-actor_2.11\2.3.11\akka-actor_2.11-2.3.11.jar;C:\Users\Anwar Abir\.m2\repository\com\typesafe\config\1.2.1\config-1.2.1.jar;C:\Users\Anwar Abir\.m2\repository\io\netty\netty\3.8.0.Final\netty-3.8.0.Final.jar;C:\Users\Anwar Abir\.m2\repository\com\google\protobuf\protobuf-java\2.5.0\protobuf-java-2.5.0.jar;C:\Users\Anwar Abir\.m2\repository\org\uncommons\maths\uncommons-maths\1.2.2a\uncommons-maths-1.2.2a.jar;C:\Users\Anwar Abir\.m2\repository\com\typesafe\akka\akka-slf4j_2.11\2.3.11\akka-slf4j_2.11-2.3.11.jar;C:\Users\Anwar Abir\.m2\repository\org\scala-lang\scala-library\2.11.7\scala-library-2.11.7.jar;C:\Users\Anwar Abir\.m2\repository\org\json4s\json4s-jackson_2.11\3.2.10\json4s-jackson_2.11-3.2.10.jar;C:\Users\Anwar Abir\.m2\repository\org\json4s\json4s-core_2.11\3.2.10\json4s-core_2.11-3.2.10.jar;C:\Users\Anwar Abir\.m2\repository\org\json4s\json4s-ast_2.11\3.2.10\json4s-ast_2.11-3.2.10.jar;C:\Users\Anwar Abir\.m2\repository\org\scala-lang\scalap\2.11.0\scalap-2.11.0.jar;C:\Users\Anwar Abir\.m2\repository\com\sun\jersey\jersey-server\1.9\jersey-server-1.9.jar;C:\Users\Anwar Abir\.m2\repository\asm\asm\3.1\asm-3.1.jar;C:\Users\Anwar Abir\.m2\repository\com\sun\jersey\jersey-core\1.9\jersey-core-1.9.jar;C:\Users\Anwar Abir\.m2\repository\org\apache\mesos\mesos\0.21.1\mesos-0.21.1-shaded-protobuf.jar;C:\Users\Anwar Abir\.m2\repository\io\netty\netty-all\4.0.29.Final\netty-all-4.0.29.Final.jar;C:\Users\Anwar Abir\.m2\repository\com\clearspring\analytics\stream\2.7.0\stream-2.7.0.jar;C:\Users\Anwar Abir\.m2\repository\io\dropwizard\metrics\metrics-core\3.1.2\metrics-core-3.1.2.jar;C:\Users\Anwar Abir\.m2\repository\io\dropwizard\metrics\metrics-jvm\3.1.2\metrics-jvm-3.1.2.jar;C:\Users\Anwar Abir\.m2\repository\io\dropwizard\metrics\metrics-json\3.1.2\metrics-json-3.1.2.jar;C:\Users\Anwar Abir\.m2\repository\io\dropwizard\metrics\metrics-graphite\3.1.2\metrics-graphite-3.1.2.jar;C:\Users\Anwar Abir\.m2\repository\com\fasterxml\jackson\core\jackson-databind\2.4.4\jackson-databind-2.4.4.jar;C:\Users\Anwar Abir\.m2\repository\com\fasterxml\jackson\core\jackson-core\2.4.4\jackson-core-2.4.4.jar;C:\Users\Anwar Abir\.m2\repository\com\fasterxml\jackson\module\jackson-module-scala_2.11\2.4.4\jackson-module-scala_2.11-2.4.4.jar;C:\Users\Anwar Abir\.m2\repository\org\scala-lang\scala-reflect\2.11.2\scala-reflect-2.11.2.jar;C:\Users\Anwar Abir\.m2\repository\com\thoughtworks\paranamer\paranamer\2.6\paranamer-2.6.jar;C:\Users\Anwar Abir\.m2\repository\org\apache\ivy\ivy\2.4.0\ivy-2.4.0.jar;C:\Users\Anwar Abir\.m2\repository\oro\oro\2.0.8\oro-2.0.8.jar;C:\Users\Anwar Abir\.m2\repository\org\tachyonproject\tachyon-client\0.8.2\tachyon-client-0.8.2.jar;C:\Users\Anwar Abir\.m2\repository\commons-lang\commons-lang\2.4\commons-lang-2.4.jar;C:\Users\Anwar Abir\.m2\repository\commons-io\commons-io\2.4\commons-io-2.4.jar;C:\Users\Anwar Abir\.m2\repository\org\tachyonproject\tachyon-underfs-hdfs\0.8.2\tachyon-underfs-hdfs-0.8.2.jar;C:\Users\Anwar Abir\.m2\repository\org\tachyonproject\tachyon-underfs-s3\0.8.2\tachyon-underfs-s3-0.8.2.jar;C:\Users\Anwar Abir\.m2\repository\org\tachyonproject\tachyon-underfs-local\0.8.2\tachyon-underfs-local-0.8.2.jar;C:\Users\Anwar Abir\.m2\repository\net\razorvine\pyrolite\4.9\pyrolite-4.9.jar;C:\Users\Anwar Abir\.m2\repository\net\sf\py4j\py4j\0.9\py4j-0.9.jar;C:\Users\Anwar Abir\.m2\repository\org\spark-project\spark\unused\1.0.0\unused-1.0.0.jar;C:\Users\Anwar Abir\.m2\repository\org\apache\spark\spark-mllib_2.11\1.3.0\spark-mllib_2.11-1.3.0.jar;C:\Users\Anwar Abir\.m2\repository\org\apache\spark\spark-streaming_2.11\1.3.0\spark-streaming_2.11-1.3.0.jar;C:\Users\Anwar Abir\.m2\repository\org\apache\spark\spark-sql_2.11\1.3.0\spark-sql_2.11-1.3.0.jar;C:\Users\Anwar Abir\.m2\repository\org\apache\spark\spark-catalyst_2.11\1.3.0\spark-catalyst_2.11-1.3.0.jar;C:\Users\Anwar Abir\.m2\repository\org\scala-lang\scala-compiler\2.11.2\scala-compiler-2.11.2.jar;C:\Users\Anwar Abir\.m2\repository\org\scala-lang\modules\scala-xml_2.11\1.0.2\scala-xml_2.11-1.0.2.jar;C:\Users\Anwar Abir\.m2\repository\org\scala-lang\modules\scala-parser-combinators_2.11\1.0.2\scala-parser-combinators_2.11-1.0.2.jar;C:\Users\Anwar Abir\.m2\repository\com\twitter\parquet-column\1.6.0rc3\parquet-column-1.6.0rc3.jar;C:\Users\Anwar Abir\.m2\repository\com\twitter\parquet-common\1.6.0rc3\parquet-common-1.6.0rc3.jar;C:\Users\Anwar Abir\.m2\repository\com\twitter\parquet-encoding\1.6.0rc3\parquet-encoding-1.6.0rc3.jar;C:\Users\Anwar Abir\.m2\repository\com\twitter\parquet-generator\1.6.0rc3\parquet-generator-1.6.0rc3.jar;C:\Users\Anwar Abir\.m2\repository\com\twitter\parquet-hadoop\1.6.0rc3\parquet-hadoop-1.6.0rc3.jar;C:\Users\Anwar Abir\.m2\repository\com\twitter\parquet-format\2.2.0-rc1\parquet-format-2.2.0-rc1.jar;C:\Users\Anwar Abir\.m2\repository\com\twitter\parquet-jackson\1.6.0rc3\parquet-jackson-1.6.0rc3.jar;C:\Users\Anwar Abir\.m2\repository\org\jodd\jodd-core\3.6.3\jodd-core-3.6.3.jar;C:\Users\Anwar Abir\.m2\repository\org\apache\spark\spark-graphx_2.11\1.3.0\spark-graphx_2.11-1.3.0.jar;C:\Users\Anwar Abir\.m2\repository\org\jblas\jblas\1.2.3\jblas-1.2.3.jar;C:\Users\Anwar Abir\.m2\repository\org\scalanlp\breeze_2.11\0.11.1\breeze_2.11-0.11.1.jar;C:\Users\Anwar Abir\.m2\repository\org\scalanlp\breeze-macros_2.11\0.11.1\breeze-macros_2.11-0.11.1.jar;C:\Users\Anwar Abir\.m2\repository\com\github\fommil\netlib\core\1.1.2\core-1.1.2.jar;C:\Users\Anwar Abir\.m2\repository\net\sourceforge\f2j\arpack_combined_all\0.1\arpack_combined_all-0.1.jar;C:\Users\Anwar Abir\.m2\repository\net\sf\opencsv\opencsv\2.3\opencsv-2.3.jar;C:\Users\Anwar Abir\.m2\repository\com\github\rwl\jtransforms\2.4.0\jtransforms-2.4.0.jar;C:\Users\Anwar Abir\.m2\repository\org\spire-math\spire_2.11\0.7.4\spire_2.11-0.7.4.jar;C:\Users\Anwar Abir\.m2\repository\org\spire-math\spire-macros_2.11\0.7.4\spire-macros_2.11-0.7.4.jar;C:\Users\Anwar Abir\.m2\repository\org\bytedeco\javacv-platform\1.3\javacv-platform-1.3.jar;C:\Users\Anwar Abir\.m2\repository\org\bytedeco\javacv\1.3\javacv-1.3.jar;C:\Users\Anwar Abir\.m2\repository\org\bytedeco\javacpp\1.3\javacpp-1.3.jar;C:\Users\Anwar Abir\.m2\repository\org\bytedeco\javacpp-presets\opencv\3.1.0-1.3\opencv-3.1.0-1.3.jar;C:\Users\Anwar Abir\.m2\repository\org\bytedeco\javacpp-presets\ffmpeg\3.2.1-1.3\ffmpeg-3.2.1-1.3.jar;C:\Users\Anwar Abir\.m2\repository\org\bytedeco\javacpp-presets\flycapture\2.9.3.43-1.3\flycapture-2.9.3.43-1.3.jar;C:\Users\Anwar Abir\.m2\repository\org\bytedeco\javacpp-presets\libdc1394\2.2.4-1.3\libdc1394-2.2.4-1.3.jar;C:\Users\Anwar Abir\.m2\repository\org\bytedeco\javacpp-presets\libfreenect\0.5.3-1.3\libfreenect-0.5.3-1.3.jar;C:\Users\Anwar Abir\.m2\repository\org\bytedeco\javacpp-presets\librealsense\1.9.6-1.3\librealsense-1.9.6-1.3.jar;C:\Users\Anwar Abir\.m2\repository\org\bytedeco\javacpp-presets\videoinput\0.200-1.3\videoinput-0.200-1.3.jar;C:\Users\Anwar Abir\.m2\repository\org\bytedeco\javacpp-presets\artoolkitplus\2.3.1-1.3\artoolkitplus-2.3.1-1.3.jar;C:\Users\Anwar Abir\.m2\repository\org\bytedeco\javacpp-presets\flandmark\1.07-1.3\flandmark-1.07-1.3.jar;C:\Users\Anwar Abir\.m2\repository\org\bytedeco\javacpp-presets\opencv-platform\3.1.0-1.3\opencv-platform-3.1.0-1.3.jar;C:\Users\Anwar Abir\.m2\repository\org\bytedeco\javacpp-presets\opencv\3.1.0-1.3\opencv-3.1.0-1.3-android-arm.jar;C:\Users\Anwar Abir\.m2\repository\org\bytedeco\javacpp-presets\opencv\3.1.0-1.3\opencv-3.1.0-1.3-android-x86.jar;C:\Users\Anwar Abir\.m2\repository\org\bytedeco\javacpp-presets\opencv\3.1.0-1.3\opencv-3.1.0-1.3-linux-x86.jar;C:\Users\Anwar Abir\.m2\repository\org\bytedeco\javacpp-presets\opencv\3.1.0-1.3\opencv-3.1.0-1.3-linux-x86_64.jar;C:\Users\Anwar Abir\.m2\repository\org\bytedeco\javacpp-presets\opencv\3.1.0-1.3\opencv-3.1.0-1.3-linux-armhf.jar;C:\Users\Anwar Abir\.m2\repository\org\bytedeco\javacpp-presets\opencv\3.1.0-1.3\opencv-3.1.0-1.3-linux-ppc64le.jar;C:\Users\Anwar Abir\.m2\repository\org\bytedeco\javacpp-presets\opencv\3.1.0-1.3\opencv-3.1.0-1.3-macosx-x86_64.jar;C:\Users\Anwar Abir\.m2\repository\org\bytedeco\javacpp-presets\opencv\3.1.0-1.3\opencv-3.1.0-1.3-windows-x86.jar;C:\Users\Anwar Abir\.m2\repository\org\bytedeco\javacpp-presets\opencv\3.1.0-1.3\opencv-3.1.0-1.3-windows-x86_64.jar;C:\Users\Anwar Abir\.m2\repository\org\bytedeco\javacpp-presets\ffmpeg-platform\3.2.1-1.3\ffmpeg-platform-3.2.1-1.3.jar;C:\Users\Anwar Abir\.m2\repository\org\bytedeco\javacpp-presets\ffmpeg\3.2.1-1.3\ffmpeg-3.2.1-1.3-android-arm.jar;C:\Users\Anwar Abir\.m2\repository\org\bytedeco\javacpp-presets\ffmpeg\3.2.1-1.3\ffmpeg-3.2.1-1.3-android-x86.jar;C:\Users\Anwar Abir\.m2\repository\org\bytedeco\javacpp-presets\ffmpeg\3.2.1-1.3\ffmpeg-3.2.1-1.3-linux-x86.jar;C:\Users\Anwar Abir\.m2\repository\org\bytedeco\javacpp-presets\ffmpeg\3.2.1-1.3\ffmpeg-3.2.1-1.3-linux-x86_64.jar;C:\Users\Anwar Abir\.m2\repository\org\bytedeco\javacpp-presets\ffmpeg\3.2.1-1.3\ffmpeg-3.2.1-1.3-linux-armhf.jar;C:\Users\Anwar Abir\.m2\repository\org\bytedeco\javacpp-presets\ffmpeg\3.2.1-1.3\ffmpeg-3.2.1-1.3-linux-ppc64le.jar;C:\Users\Anwar Abir\.m2\repository\org\bytedeco\javacpp-presets\ffmpeg\3.2.1-1.3\ffmpeg-3.2.1-1.3-macosx-x86_64.jar;C:\Users\Anwar Abir\.m2\repository\org\bytedeco\javacpp-presets\ffmpeg\3.2.1-1.3\ffmpeg-3.2.1-1.3-windows-x86.jar;C:\Users\Anwar Abir\.m2\repository\org\bytedeco\javacpp-presets\ffmpeg\3.2.1-1.3\ffmpeg-3.2.1-1.3-windows-x86_64.jar;C:\Users\Anwar Abir\.m2\repository\org\bytedeco\javacpp-presets\flycapture-platform\2.9.3.43-1.3\flycapture-platform-2.9.3.43-1.3.jar;C:\Users\Anwar Abir\.m2\repository\org\bytedeco\javacpp-presets\flycapture\2.9.3.43-1.3\flycapture-2.9.3.43-1.3-linux-x86.jar;C:\Users\Anwar Abir\.m2\repository\org\bytedeco\javacpp-presets\flycapture\2.9.3.43-1.3\flycapture-2.9.3.43-1.3-linux-x86_64.jar;C:\Users\Anwar Abir\.m2\repository\org\bytedeco\javacpp-presets\flycapture\2.9.3.43-1.3\flycapture-2.9.3.43-1.3-linux-armhf.jar;C:\Users\Anwar Abir\.m2\repository\org\bytedeco\javacpp-presets\flycapture\2.9.3.43-1.3\flycapture-2.9.3.43-1.3-windows-x86.jar;C:\Users\Anwar Abir\.m2\repository\org\bytedeco\javacpp-presets\flycapture\2.9.3.43-1.3\flycapture-2.9.3.43-1.3-windows-x86_64.jar;C:\Users\Anwar Abir\.m2\repository\org\bytedeco\javacpp-presets\libdc1394-platform\2.2.4-1.3\libdc1394-platform-2.2.4-1.3.jar;C:\Users\Anwar Abir\.m2\repository\org\bytedeco\javacpp-presets\libdc1394\2.2.4-1.3\libdc1394-2.2.4-1.3-linux-x86.jar;C:\Users\Anwar Abir\.m2\repository\org\bytedeco\javacpp-presets\libdc1394\2.2.4-1.3\libdc1394-2.2.4-1.3-linux-x86_64.jar;C:\Users\Anwar Abir\.m2\repository\org\bytedeco\javacpp-presets\libdc1394\2.2.4-1.3\libdc1394-2.2.4-1.3-linux-armhf.jar;C:\Users\Anwar Abir\.m2\repository\org\bytedeco\javacpp-presets\libdc1394\2.2.4-1.3\libdc1394-2.2.4-1.3-linux-ppc64le.jar;C:\Users\Anwar Abir\.m2\repository\org\bytedeco\javacpp-presets\libdc1394\2.2.4-1.3\libdc1394-2.2.4-1.3-macosx-x86_64.jar;C:\Users\Anwar Abir\.m2\repository\org\bytedeco\javacpp-presets\libdc1394\2.2.4-1.3\libdc1394-2.2.4-1.3-windows-x86.jar;C:\Users\Anwar Abir\.m2\repository\org\bytedeco\javacpp-presets\libdc1394\2.2.4-1.3\libdc1394-2.2.4-1.3-windows-x86_64.jar;C:\Users\Anwar Abir\.m2\repository\org\bytedeco\javacpp-presets\libfreenect-platform\0.5.3-1.3\libfreenect-platform-0.5.3-1.3.jar;C:\Users\Anwar Abir\.m2\repository\org\bytedeco\javacpp-presets\libfreenect\0.5.3-1.3\libfreenect-0.5.3-1.3-linux-x86.jar;C:\Users\Anwar Abir\.m2\repository\org\bytedeco\javacpp-presets\libfreenect\0.5.3-1.3\libfreenect-0.5.3-1.3-linux-x86_64.jar;C:\Users\Anwar Abir\.m2\repository\org\bytedeco\javacpp-presets\libfreenect\0.5.3-1.3\libfreenect-0.5.3-1.3-linux-armhf.jar;C:\Users\Anwar Abir\.m2\repository\org\bytedeco\javacpp-presets\libfreenect\0.5.3-1.3\libfreenect-0.5.3-1.3-linux-ppc64le.jar;C:\Users\Anwar Abir\.m2\repository\org\bytedeco\javacpp-presets\libfreenect\0.5.3-1.3\libfreenect-0.5.3-1.3-macosx-x86_64.jar;C:\Users\Anwar Abir\.m2\repository\org\bytedeco\javacpp-presets\libfreenect\0.5.3-1.3\libfreenect-0.5.3-1.3-windows-x86.jar;C:\Users\Anwar Abir\.m2\repository\org\bytedeco\javacpp-presets\libfreenect\0.5.3-1.3\libfreenect-0.5.3-1.3-windows-x86_64.jar;C:\Users\Anwar Abir\.m2\repository\org\bytedeco\javacpp-presets\librealsense-platform\1.9.6-1.3\librealsense-platform-1.9.6-1.3.jar;C:\Users\Anwar Abir\.m2\repository\org\bytedeco\javacpp-presets\librealsense\1.9.6-1.3\librealsense-1.9.6-1.3-linux-x86.jar;C:\Users\Anwar Abir\.m2\repository\org\bytedeco\javacpp-presets\librealsense\1.9.6-1.3\librealsense-1.9.6-1.3-linux-x86_64.jar;C:\Users\Anwar Abir\.m2\repository\org\bytedeco\javacpp-presets\videoinput-platform\0.200-1.3\videoinput-platform-0.200-1.3.jar;C:\Users\Anwar Abir\.m2\repository\org\bytedeco\javacpp-presets\videoinput\0.200-1.3\videoinput-0.200-1.3-windows-x86.jar;C:\Users\Anwar Abir\.m2\repository\org\bytedeco\javacpp-presets\videoinput\0.200-1.3\videoinput-0.200-1.3-windows-x86_64.jar;C:\Users\Anwar Abir\.m2\repository\org\bytedeco\javacpp-presets\artoolkitplus-platform\2.3.1-1.3\artoolkitplus-platform-2.3.1-1.3.jar;C:\Users\Anwar Abir\.m2\repository\org\bytedeco\javacpp-presets\artoolkitplus\2.3.1-1.3\artoolkitplus-2.3.1-1.3-android-arm.jar;C:\Users\Anwar Abir\.m2\repository\org\bytedeco\javacpp-presets\artoolkitplus\2.3.1-1.3\artoolkitplus-2.3.1-1.3-android-x86.jar;C:\Users\Anwar Abir\.m2\repository\org\bytedeco\javacpp-presets\artoolkitplus\2.3.1-1.3\artoolkitplus-2.3.1-1.3-linux-x86.jar;C:\Users\Anwar Abir\.m2\repository\org\bytedeco\javacpp-presets\artoolkitplus\2.3.1-1.3\artoolkitplus-2.3.1-1.3-linux-x86_64.jar;C:\Users\Anwar Abir\.m2\repository\org\bytedeco\javacpp-presets\artoolkitplus\2.3.1-1.3\artoolkitplus-2.3.1-1.3-linux-armhf.jar;C:\Users\Anwar Abir\.m2\repository\org\bytedeco\javacpp-presets\artoolkitplus\2.3.1-1.3\artoolkitplus-2.3.1-1.3-linux-ppc64le.jar;C:\Users\Anwar Abir\.m2\repository\org\bytedeco\javacpp-presets\artoolkitplus\2.3.1-1.3\artoolkitplus-2.3.1-1.3-macosx-x86_64.jar;C:\Users\Anwar Abir\.m2\repository\org\bytedeco\javacpp-presets\artoolkitplus\2.3.1-1.3\artoolkitplus-2.3.1-1.3-windows-x86.jar;C:\Users\Anwar Abir\.m2\repository\org\bytedeco\javacpp-presets\artoolkitplus\2.3.1-1.3\artoolkitplus-2.3.1-1.3-windows-x86_64.jar;C:\Users\Anwar Abir\.m2\repository\org\bytedeco\javacpp-presets\flandmark-platform\1.07-1.3\flandmark-platform-1.07-1.3.jar;C:\Users\Anwar Abir\.m2\repository\org\bytedeco\javacpp-presets\flandmark\1.07-1.3\flandmark-1.07-1.3-android-arm.jar;C:\Users\Anwar Abir\.m2\repository\org\bytedeco\javacpp-presets\flandmark\1.07-1.3\flandmark-1.07-1.3-android-x86.jar;C:\Users\Anwar Abir\.m2\repository\org\bytedeco\javacpp-presets\flandmark\1.07-1.3\flandmark-1.07-1.3-linux-x86.jar;C:\Users\Anwar Abir\.m2\repository\org\bytedeco\javacpp-presets\flandmark\1.07-1.3\flandmark-1.07-1.3-linux-x86_64.jar;C:\Users\Anwar Abir\.m2\repository\org\bytedeco\javacpp-presets\flandmark\1.07-1.3\flandmark-1.07-1.3-linux-armhf.jar;C:\Users\Anwar Abir\.m2\repository\org\bytedeco\javacpp-presets\flandmark\1.07-1.3\flandmark-1.07-1.3-linux-ppc64le.jar;C:\Users\Anwar Abir\.m2\repository\org\bytedeco\javacpp-presets\flandmark\1.07-1.3\flandmark-1.07-1.3-macosx-x86_64.jar;C:\Users\Anwar Abir\.m2\repository\org\bytedeco\javacpp-presets\flandmark\1.07-1.3\flandmark-1.07-1.3-windows-x86.jar;C:\Users\Anwar Abir\.m2\repository\org\bytedeco\javacpp-presets\flandmark\1.07-1.3\flandmark-1.07-1.3-windows-x86_64.jar;C:\Users\Anwar Abir\.m2\repository\com\github\jai-imageio\jai-imageio-core\1.3.1\jai-imageio-core-1.3.1.jar;"/>
    <property name="sun.cpu.endian" value="little"/>
    <property name="user.home" value="C:\Users\Anwar Abir"/>
    <property name="user.language" value="en"/>
    <property name="java.specification.vendor" value="Oracle Corporation"/>
    <property name="java.home" value="C:\Program Files\Java\jre1.8.0_202"/>
    <property name="basedir" value="C:\Users\Anwar Abir\Documents\My_project_kepler\Cluster"/>
    <property name="file.separator" value="\"/>
    <property name="line.separator" value="&#10;"/>
    <property name="java.vm.specification.vendor" value="Oracle Corporation"/>
    <property name="java.specification.name" value="Java Platform API Specification"/>
    <property name="java.awt.graphicsenv" value="sun.awt.Win32GraphicsEnvironment"/>
    <property name="surefire.real.class.path" value="C:\Users\ANWARA~1\AppData\Local\Temp\surefire5302718958814779282\surefirebooter7291139865756759541.jar"/>
    <property name="sun.boot.class.path" value="C:\Program Files\Java\jre1.8.0_202\lib\resources.jar;C:\Program Files\Java\jre1.8.0_202\lib\rt.jar;C:\Program Files\Java\jre1.8.0_202\lib\sunrsasign.jar;C:\Program Files\Java\jre1.8.0_202\lib\jsse.jar;C:\Program Files\Java\jre1.8.0_202\lib\jce.jar;C:\Program Files\Java\jre1.8.0_202\lib\charsets.jar;C:\Program Files\Java\jre1.8.0_202\lib\jfr.jar;C:\Program Files\Java\jre1.8.0_202\classes"/>
    <property name="user.script" value=""/>
    <property name="sun.management.compiler" value="HotSpot 64-Bit Tiered Compilers"/>
    <property name="java.runtime.version" value="1.8.0_202-b08"/>
    <property name="user.name" value="Anwar Abir"/>
    <property name="path.separator" value=";"/>
    <property name="os.version" value="10.0"/>
    <property name="java.endorsed.dirs" value="C:\Program Files\Java\jre1.8.0_202\lib\endorsed"/>
    <property name="java.runtime.name" value="Java(TM) SE Runtime Environment"/>
    <property name="file.encoding" value="Cp1252"/>
    <property name="java.vm.name" value="Java HotSpot(TM) 64-Bit Server VM"/>
    <property name="localRepository" value="C:\Users\Anwar Abir\.m2\repository"/>
    <property name="java.vendor.url.bug" value="http://bugreport.sun.com/bugreport/"/>
    <property name="java.io.tmpdir" value="C:\Users\ANWARA~1\AppData\Local\Temp\"/>
    <property name="java.version" value="1.8.0_202"/>
    <property name="user.dir" value="C:\Users\Anwar Abir\Documents\My_project_kepler\Cluster"/>
    <property name="os.arch" value="amd64"/>
    <property name="java.vm.specification.name" value="Java Virtual Machine Specification"/>
    <property name="java.awt.printerjob" value="sun.awt.windows.WPrinterJob"/>
    <property name="sun.os.patch.level" value=""/>
    <property name="java.library.path" value="C:\Program Files\Java\jre1.8.0_202\bin;C:\WINDOWS\Sun\Java\bin;C:\WINDOWS\system32;C:\WINDOWS;C:/Program Files/Java/jre1.8.0_212/bin/server;C:/Program Files/Java/jre1.8.0_212/bin;C:/Program Files/Java/jre1.8.0_212/lib/amd64;C:\Program Files (x86)\Common Files\Oracle\Java\javapath;C:\Program Files\NVIDIA GPU Computing Toolkit\CUDA\v10.0\bin;C:\Program Files\NVIDIA GPU Computing Toolkit\CUDA\v10.0\libnvvp;C:\ProgramData\Oracle\Java\javapath;C:\WINDOWS\system32;C:\WINDOWS;C:\WINDOWS\System32\Wbem;C:\WINDOWS\System32\WindowsPowerShell\v1.0\;C:\Program Files (x86)\Skype\Phone\;c:\Python34;D:\Project\maven\dev\tools\apache-maven-3.5.3\bin;C:\WINDOWS\System32\OpenSSH\;C:\apache\apache-tomcat-8.0.52\bin;C:\Program Files\Java\jdk1.8.0_161\bin;C:\Program Files\PuTTY\;C:\Program Files\Microsoft VS Code\bin;C:\Program Files (x86)\NVIDIA Corporation\PhysX\Common;C:\xampp\php;C:\ProgramData\ComposerSetup\bin;C:\ProgramData\chocolatey\bin;C:\Program Files\Java\jre7\bin;C:\Program Files (x86)\scala\bin;C:\Program Files\Java\jre7\bin;C:\Program Files (x86)\Gow\bin;C:\Program Files\NVIDIA Corporation\NVIDIA NvDLISR;C:\Users\Anwar Abir\AppData\Local\Microsoft\WindowsApps;C:\Users\Anwar Abir\AppData\Roaming\Composer\vendor\bin;C:\msys64\mingw64\bin;;C:\Program Files\JetBrains\PyCharm Community Edition 2019.1\bin;;C:\eclipse\eclipse-jee-kepler-SR2-Java8-win32-x86_64;;."/>
    <property name="java.vm.info" value="mixed mode"/>
    <property name="java.vendor" value="Oracle Corporation"/>
    <property name="java.vm.version" value="25.202-b08"/>
    <property name="java.ext.dirs" value="C:\Program Files\Java\jre1.8.0_202\lib\ext;C:\WINDOWS\Sun\Java\lib\ext"/>
    <property name="sun.io.unicode.encoding" value="UnicodeLittle"/>
    <property name="java.class.version" value="52.0"/>
  </properties>
  <testcase name="shouldAnswerWithTrue" classname="siat.cluster.AppTest" time="0.003"/>
</testsuite>